{
	BuildingZone = {
		ZoneEntryList = {{
				Polygon = {{0.5, 0.86602540378444
							}, {-0.5, 0.86602540378444
							}, {-1, 1.2246063538224e-16
							}, {-0.5, -0.86602540378444
							}, {0.5, -0.86602540378444
							}, {1, -2.4492127076448e-16
							}
				}, 
				Type = {
					DEFAULT = true, 
						NAVIGABLE = false, 
							GRASS_CLEAR = true
							}
			}
		}
	}, 
	IsMovableWhenBuilt = true, 
		ConstructorData = {
			CoreObjectPrefab = "PREFAB_Grouper_Part", 
				DataType = "BUILDING_CONSTRUCTOR_DEFAULT"
				}, 
		DataType = "BUILDING_PART", 
			Category = "FISH", 
				Id = "BUILDING_PART_Grouper", 
					Name = "Grouper", 
						Description = "Grouper_DESC"
						}