{
	Id = "BUILDING_PART_Crate_Stack", 
		Category = "CRATE", 
			Name = "Crate_Stack", 
				BuildingZone = {
					ZoneEntryList = {{
							Polygon = {{0.5, 0.86602540378444
										}, {-0.5, 0.86602540378444
										}, {-1, 1.2246063538224e-16
										}, {-0.5, -0.86602540378444
										}, {0.5, -0.86602540378444
										}, {1, -2.4492127076448e-16
										}
							}, 
							Type = {
								DEFAULT = true, 
									NAVIGABLE = false, 
										GRASS_CLEAR = true
										}
						}
					}
				}, 
				IsMovableWhenBuilt = true, 
					ConstructorData = {
						CoreObjectPrefab = "PREFAB_Crate_Stack_Part", 
							DataType = "BUILDING_CONSTRUCTOR_DEFAULT"
							}, 
					DataType = "BUILDING_PART", 
						AssetBuildingFunction = "FISH_GENERATOR", 
							Description = "Crate_Stack_DESC"
							}